[17-Apr-2025 02:56:28 UTC] PHP Parse error:  syntax error, unexpected identifier "version" in /Users/daichi/Local Sites/shiborikonsei-e/app/public/index.php on line 1
[17-Apr-2025 02:57:00 UTC] PHP Parse error:  syntax error, unexpected identifier "version" in /Users/daichi/Local Sites/shiborikonsei-e/app/public/index.php on line 1
[17-Apr-2025 02:57:43 UTC] PHP Parse error:  syntax error, unexpected identifier "version" in /Users/daichi/Local Sites/shiborikonsei-e/app/public/index.php on line 1
[17-Apr-2025 02:58:07 UTC] PHP Parse error:  syntax error, unexpected identifier "version" in /Users/daichi/Local Sites/shiborikonsei-e/app/public/index.php on line 1
[17-Apr-2025 02:58:12 UTC] PHP Parse error:  syntax error, unexpected identifier "version" in /Users/daichi/Local Sites/shiborikonsei-e/app/public/index.php on line 1
[17-Apr-2025 02:58:50 UTC] PHP Warning:  include(header.php): Failed to open stream: No such file or directory in /Users/daichi/Local Sites/shiborikonsei-e/app/public/index.php on line 4
[17-Apr-2025 02:58:50 UTC] PHP Warning:  include(): Failed opening 'header.php' for inclusion (include_path='.:/usr/share/php:/www/wp-content/pear') in /Users/daichi/Local Sites/shiborikonsei-e/app/public/index.php on line 4
[18-Apr-2025 09:14:59 UTC] Cron reschedule event error for hook: wp_version_check, Error code: could_not_set, Error message: The cron event list could not be saved., Data: {"schedule":"twicedaily","args":[],"interval":43200}
[22-Apr-2025 12:37:06 UTC] PHP Warning:  include(include/header.php): Failed to open stream: No such file or directory in /Users/daichi/Local Sites/shiborikonsei-e/app/public/profile.php on line 16
[22-Apr-2025 12:37:06 UTC] PHP Warning:  include(): Failed opening 'include/header.php' for inclusion (include_path='.:/usr/share/php:/www/wp-content/pear') in /Users/daichi/Local Sites/shiborikonsei-e/app/public/profile.php on line 16
[22-Apr-2025 12:37:10 UTC] PHP Warning:  include(include/header.php): Failed to open stream: No such file or directory in /Users/daichi/Local Sites/shiborikonsei-e/app/public/index.php on line 16
[22-Apr-2025 12:37:10 UTC] PHP Warning:  include(): Failed opening 'include/header.php' for inclusion (include_path='.:/usr/share/php:/www/wp-content/pear') in /Users/daichi/Local Sites/shiborikonsei-e/app/public/index.php on line 16
[22-Apr-2025 12:38:44 UTC] PHP Warning:  include(include/header.php): Failed to open stream: No such file or directory in /Users/daichi/Local Sites/shiborikonsei-e/app/public/index.php on line 16
[22-Apr-2025 12:38:44 UTC] PHP Warning:  include(): Failed opening 'include/header.php' for inclusion (include_path='.:/usr/share/php:/www/wp-content/pear') in /Users/daichi/Local Sites/shiborikonsei-e/app/public/index.php on line 16
[22-Apr-2025 12:38:48 UTC] PHP Warning:  include(include/header.php): Failed to open stream: No such file or directory in /Users/daichi/Local Sites/shiborikonsei-e/app/public/index.php on line 16
[22-Apr-2025 12:38:48 UTC] PHP Warning:  include(): Failed opening 'include/header.php' for inclusion (include_path='.:/usr/share/php:/www/wp-content/pear') in /Users/daichi/Local Sites/shiborikonsei-e/app/public/index.php on line 16
[22-Apr-2025 12:39:00 UTC] PHP Warning:  include(include/header.php): Failed to open stream: No such file or directory in /Users/daichi/Local Sites/shiborikonsei-e/app/public/index.php on line 16
[22-Apr-2025 12:39:00 UTC] PHP Warning:  include(): Failed opening 'include/header.php' for inclusion (include_path='.:/usr/share/php:/www/wp-content/pear') in /Users/daichi/Local Sites/shiborikonsei-e/app/public/index.php on line 16
[22-Apr-2025 12:39:05 UTC] PHP Warning:  include(include/header.php): Failed to open stream: No such file or directory in /Users/daichi/Local Sites/shiborikonsei-e/app/public/index.php on line 16
[22-Apr-2025 12:39:05 UTC] PHP Warning:  include(): Failed opening 'include/header.php' for inclusion (include_path='.:/usr/share/php:/www/wp-content/pear') in /Users/daichi/Local Sites/shiborikonsei-e/app/public/index.php on line 16
[22-Apr-2025 12:39:27 UTC] PHP Warning:  include(include/header.php): Failed to open stream: No such file or directory in /Users/daichi/Local Sites/shiborikonsei-e/app/public/index.php on line 16
[22-Apr-2025 12:39:27 UTC] PHP Warning:  include(): Failed opening 'include/header.php' for inclusion (include_path='.:/usr/share/php:/www/wp-content/pear') in /Users/daichi/Local Sites/shiborikonsei-e/app/public/index.php on line 16
[22-Apr-2025 12:39:29 UTC] PHP Warning:  include(include/header.php): Failed to open stream: No such file or directory in /Users/daichi/Local Sites/shiborikonsei-e/app/public/index.php on line 16
[22-Apr-2025 12:39:29 UTC] PHP Warning:  include(): Failed opening 'include/header.php' for inclusion (include_path='.:/usr/share/php:/www/wp-content/pear') in /Users/daichi/Local Sites/shiborikonsei-e/app/public/index.php on line 16
[22-Apr-2025 12:40:33 UTC] PHP Warning:  include(include/header.php): Failed to open stream: No such file or directory in /Users/daichi/Local Sites/shiborikonsei-e/app/public/index.php on line 16
[22-Apr-2025 12:40:33 UTC] PHP Warning:  include(): Failed opening 'include/header.php' for inclusion (include_path='.:/usr/share/php:/www/wp-content/pear') in /Users/daichi/Local Sites/shiborikonsei-e/app/public/index.php on line 16
[22-Apr-2025 12:40:53 UTC] PHP Warning:  include(include/header.php): Failed to open stream: No such file or directory in /Users/daichi/Local Sites/shiborikonsei-e/app/public/index.php on line 16
[22-Apr-2025 12:40:53 UTC] PHP Warning:  include(include/header.php): Failed to open stream: No such file or directory in /Users/daichi/Local Sites/shiborikonsei-e/app/public/index.php on line 16
[22-Apr-2025 12:40:53 UTC] PHP Warning:  include(): Failed opening 'include/header.php' for inclusion (include_path='.:/usr/share/php:/www/wp-content/pear') in /Users/daichi/Local Sites/shiborikonsei-e/app/public/index.php on line 16
[22-Apr-2025 12:40:53 UTC] PHP Warning:  include(): Failed opening 'include/header.php' for inclusion (include_path='.:/usr/share/php:/www/wp-content/pear') in /Users/daichi/Local Sites/shiborikonsei-e/app/public/index.php on line 16
[22-Apr-2025 12:40:56 UTC] PHP Warning:  include(include/header.php): Failed to open stream: No such file or directory in /Users/daichi/Local Sites/shiborikonsei-e/app/public/index.php on line 16
[22-Apr-2025 12:40:56 UTC] PHP Warning:  include(): Failed opening 'include/header.php' for inclusion (include_path='.:/usr/share/php:/www/wp-content/pear') in /Users/daichi/Local Sites/shiborikonsei-e/app/public/index.php on line 16
[22-Apr-2025 12:41:16 UTC] PHP Warning:  include(include/header.php): Failed to open stream: No such file or directory in /Users/daichi/Local Sites/shiborikonsei-e/app/public/index.php on line 16
[22-Apr-2025 12:41:16 UTC] PHP Warning:  include(): Failed opening 'include/header.php' for inclusion (include_path='.:/usr/share/php:/www/wp-content/pear') in /Users/daichi/Local Sites/shiborikonsei-e/app/public/index.php on line 16
[22-Apr-2025 12:41:23 UTC] PHP Warning:  include(include/header.php): Failed to open stream: No such file or directory in /Users/daichi/Local Sites/shiborikonsei-e/app/public/index.php on line 16
[22-Apr-2025 12:41:23 UTC] PHP Warning:  include(): Failed opening 'include/header.php' for inclusion (include_path='.:/usr/share/php:/www/wp-content/pear') in /Users/daichi/Local Sites/shiborikonsei-e/app/public/index.php on line 16
[22-Apr-2025 12:41:23 UTC] PHP Warning:  include(include/header.php): Failed to open stream: No such file or directory in /Users/daichi/Local Sites/shiborikonsei-e/app/public/index.php on line 16
[22-Apr-2025 12:41:23 UTC] PHP Warning:  include(): Failed opening 'include/header.php' for inclusion (include_path='.:/usr/share/php:/www/wp-content/pear') in /Users/daichi/Local Sites/shiborikonsei-e/app/public/index.php on line 16
[22-Apr-2025 12:41:26 UTC] PHP Warning:  include(include/header.php): Failed to open stream: No such file or directory in /Users/daichi/Local Sites/shiborikonsei-e/app/public/index.php on line 16
[22-Apr-2025 12:41:26 UTC] PHP Warning:  include(): Failed opening 'include/header.php' for inclusion (include_path='.:/usr/share/php:/www/wp-content/pear') in /Users/daichi/Local Sites/shiborikonsei-e/app/public/index.php on line 16
[22-Apr-2025 12:41:43 UTC] PHP Warning:  include(include/header.php): Failed to open stream: No such file or directory in /Users/daichi/Local Sites/shiborikonsei-e/app/public/index.php on line 16
[22-Apr-2025 12:41:43 UTC] PHP Warning:  include(): Failed opening 'include/header.php' for inclusion (include_path='.:/usr/share/php:/www/wp-content/pear') in /Users/daichi/Local Sites/shiborikonsei-e/app/public/index.php on line 16
[22-Apr-2025 12:41:50 UTC] PHP Warning:  include(include/header.php): Failed to open stream: No such file or directory in /Users/daichi/Local Sites/shiborikonsei-e/app/public/index.php on line 16
[22-Apr-2025 12:41:50 UTC] PHP Warning:  include(): Failed opening 'include/header.php' for inclusion (include_path='.:/usr/share/php:/www/wp-content/pear') in /Users/daichi/Local Sites/shiborikonsei-e/app/public/index.php on line 16
[22-Apr-2025 12:42:35 UTC] PHP Warning:  include(include/header.php): Failed to open stream: No such file or directory in /Users/daichi/Local Sites/shiborikonsei-e/app/public/index.php on line 16
[22-Apr-2025 12:42:35 UTC] PHP Warning:  include(): Failed opening 'include/header.php' for inclusion (include_path='.:/usr/share/php:/www/wp-content/pear') in /Users/daichi/Local Sites/shiborikonsei-e/app/public/index.php on line 16
[22-Apr-2025 12:42:41 UTC] PHP Warning:  include(include/header.php): Failed to open stream: No such file or directory in /Users/daichi/Local Sites/shiborikonsei-e/app/public/index.php on line 16
[22-Apr-2025 12:42:41 UTC] PHP Warning:  include(): Failed opening 'include/header.php' for inclusion (include_path='.:/usr/share/php:/www/wp-content/pear') in /Users/daichi/Local Sites/shiborikonsei-e/app/public/index.php on line 16
[22-Apr-2025 12:43:21 UTC] PHP Warning:  include(include/header.php): Failed to open stream: No such file or directory in /Users/daichi/Local Sites/shiborikonsei-e/app/public/index.php on line 16
[22-Apr-2025 12:43:21 UTC] PHP Warning:  include(): Failed opening 'include/header.php' for inclusion (include_path='.:/usr/share/php:/www/wp-content/pear') in /Users/daichi/Local Sites/shiborikonsei-e/app/public/index.php on line 16
[22-Apr-2025 12:43:31 UTC] PHP Warning:  include(include/header.php): Failed to open stream: No such file or directory in /Users/daichi/Local Sites/shiborikonsei-e/app/public/index.php on line 16
[22-Apr-2025 12:43:31 UTC] PHP Warning:  include(): Failed opening 'include/header.php' for inclusion (include_path='.:/usr/share/php:/www/wp-content/pear') in /Users/daichi/Local Sites/shiborikonsei-e/app/public/index.php on line 16
[22-Apr-2025 12:43:34 UTC] PHP Warning:  include(include/header.php): Failed to open stream: No such file or directory in /Users/daichi/Local Sites/shiborikonsei-e/app/public/index.php on line 16
[22-Apr-2025 12:43:34 UTC] PHP Warning:  include(): Failed opening 'include/header.php' for inclusion (include_path='.:/usr/share/php:/www/wp-content/pear') in /Users/daichi/Local Sites/shiborikonsei-e/app/public/index.php on line 16
[22-Apr-2025 12:43:40 UTC] PHP Warning:  include(include/header.php): Failed to open stream: No such file or directory in /Users/daichi/Local Sites/shiborikonsei-e/app/public/index.php on line 16
[22-Apr-2025 12:43:40 UTC] PHP Warning:  include(): Failed opening 'include/header.php' for inclusion (include_path='.:/usr/share/php:/www/wp-content/pear') in /Users/daichi/Local Sites/shiborikonsei-e/app/public/index.php on line 16
[22-Apr-2025 12:45:10 UTC] PHP Warning:  include(include/header.php): Failed to open stream: No such file or directory in /Users/daichi/Local Sites/shiborikonsei-e/app/public/index.php on line 16
[22-Apr-2025 12:45:10 UTC] PHP Warning:  include(): Failed opening 'include/header.php' for inclusion (include_path='.:/usr/share/php:/www/wp-content/pear') in /Users/daichi/Local Sites/shiborikonsei-e/app/public/index.php on line 16
[22-Apr-2025 12:45:15 UTC] PHP Warning:  include(include/header.php): Failed to open stream: No such file or directory in /Users/daichi/Local Sites/shiborikonsei-e/app/public/index.php on line 16
[22-Apr-2025 12:45:15 UTC] PHP Warning:  include(): Failed opening 'include/header.php' for inclusion (include_path='.:/usr/share/php:/www/wp-content/pear') in /Users/daichi/Local Sites/shiborikonsei-e/app/public/index.php on line 16
[22-Apr-2025 12:46:06 UTC] PHP Warning:  include(include/header.php): Failed to open stream: No such file or directory in /Users/daichi/Local Sites/shiborikonsei-e/app/public/index.php on line 16
[22-Apr-2025 12:46:06 UTC] PHP Warning:  include(): Failed opening 'include/header.php' for inclusion (include_path='.:/usr/share/php:/www/wp-content/pear') in /Users/daichi/Local Sites/shiborikonsei-e/app/public/index.php on line 16
[22-Apr-2025 12:46:11 UTC] PHP Warning:  include(include/header.php): Failed to open stream: No such file or directory in /Users/daichi/Local Sites/shiborikonsei-e/app/public/index.php on line 16
[22-Apr-2025 12:46:11 UTC] PHP Warning:  include(): Failed opening 'include/header.php' for inclusion (include_path='.:/usr/share/php:/www/wp-content/pear') in /Users/daichi/Local Sites/shiborikonsei-e/app/public/index.php on line 16
[22-Apr-2025 12:46:48 UTC] PHP Warning:  include(include/header.php): Failed to open stream: No such file or directory in /Users/daichi/Local Sites/shiborikonsei-e/app/public/index.php on line 16
[22-Apr-2025 12:46:48 UTC] PHP Warning:  include(): Failed opening 'include/header.php' for inclusion (include_path='.:/usr/share/php:/www/wp-content/pear') in /Users/daichi/Local Sites/shiborikonsei-e/app/public/index.php on line 16
[22-Apr-2025 12:46:53 UTC] PHP Warning:  include(include/header.php): Failed to open stream: No such file or directory in /Users/daichi/Local Sites/shiborikonsei-e/app/public/index.php on line 16
[22-Apr-2025 12:46:53 UTC] PHP Warning:  include(): Failed opening 'include/header.php' for inclusion (include_path='.:/usr/share/php:/www/wp-content/pear') in /Users/daichi/Local Sites/shiborikonsei-e/app/public/index.php on line 16
[22-Apr-2025 12:48:12 UTC] PHP Warning:  include(include/header.php): Failed to open stream: No such file or directory in /Users/daichi/Local Sites/shiborikonsei-e/app/public/index.php on line 16
[22-Apr-2025 12:48:12 UTC] PHP Warning:  include(): Failed opening 'include/header.php' for inclusion (include_path='.:/usr/share/php:/www/wp-content/pear') in /Users/daichi/Local Sites/shiborikonsei-e/app/public/index.php on line 16
[22-Apr-2025 12:48:17 UTC] PHP Warning:  include(include/header.php): Failed to open stream: No such file or directory in /Users/daichi/Local Sites/shiborikonsei-e/app/public/index.php on line 16
[22-Apr-2025 12:48:17 UTC] PHP Warning:  include(): Failed opening 'include/header.php' for inclusion (include_path='.:/usr/share/php:/www/wp-content/pear') in /Users/daichi/Local Sites/shiborikonsei-e/app/public/index.php on line 16
[22-Apr-2025 12:49:39 UTC] PHP Warning:  include(include/header.php): Failed to open stream: No such file or directory in /Users/daichi/Local Sites/shiborikonsei-e/app/public/index.php on line 16
[22-Apr-2025 12:49:39 UTC] PHP Warning:  include(): Failed opening 'include/header.php' for inclusion (include_path='.:/usr/share/php:/www/wp-content/pear') in /Users/daichi/Local Sites/shiborikonsei-e/app/public/index.php on line 16
[22-Apr-2025 12:49:44 UTC] PHP Warning:  include(include/header.php): Failed to open stream: No such file or directory in /Users/daichi/Local Sites/shiborikonsei-e/app/public/index.php on line 16
[22-Apr-2025 12:49:44 UTC] PHP Warning:  include(): Failed opening 'include/header.php' for inclusion (include_path='.:/usr/share/php:/www/wp-content/pear') in /Users/daichi/Local Sites/shiborikonsei-e/app/public/index.php on line 16
[22-Apr-2025 12:52:47 UTC] PHP Warning:  include(include/header.php): Failed to open stream: No such file or directory in /Users/daichi/Local Sites/shiborikonsei-e/app/public/index.php on line 16
[22-Apr-2025 12:52:47 UTC] PHP Warning:  include(): Failed opening 'include/header.php' for inclusion (include_path='.:/usr/share/php:/www/wp-content/pear') in /Users/daichi/Local Sites/shiborikonsei-e/app/public/index.php on line 16
[22-Apr-2025 12:52:50 UTC] PHP Warning:  include(include/header.php): Failed to open stream: No such file or directory in /Users/daichi/Local Sites/shiborikonsei-e/app/public/index.php on line 16
[22-Apr-2025 12:52:50 UTC] PHP Warning:  include(): Failed opening 'include/header.php' for inclusion (include_path='.:/usr/share/php:/www/wp-content/pear') in /Users/daichi/Local Sites/shiborikonsei-e/app/public/index.php on line 16
[23-Apr-2025 04:08:54 UTC] PHP Warning:  include(src/include/header.php): Failed to open stream: No such file or directory in /Users/daichi/Local Sites/shiborikonsei-e/app/public/profile.php on line 16
[23-Apr-2025 04:08:54 UTC] PHP Warning:  include(): Failed opening 'src/include/header.php' for inclusion (include_path='.:/usr/share/php:/www/wp-content/pear') in /Users/daichi/Local Sites/shiborikonsei-e/app/public/profile.php on line 16
[23-Apr-2025 05:42:17 UTC] Cron reschedule event error for hook: wp_privacy_delete_old_export_files, Error code: could_not_set, Error message: The cron event list could not be saved., Data: {"schedule":"hourly","args":[],"interval":3600}
[23-Apr-2025 08:23:47 UTC] PHP Warning:  include(include/header.php): Failed to open stream: No such file or directory in /Users/daichi/Local Sites/shiborikonsei-e/app/public/about.php on line 11
[23-Apr-2025 08:23:47 UTC] PHP Warning:  include(): Failed opening 'include/header.php' for inclusion (include_path='.:/usr/share/php:/www/wp-content/pear') in /Users/daichi/Local Sites/shiborikonsei-e/app/public/about.php on line 11
[23-Apr-2025 08:24:23 UTC] PHP Warning:  include(include/header.php): Failed to open stream: No such file or directory in /Users/daichi/Local Sites/shiborikonsei-e/app/public/about.php on line 11
[23-Apr-2025 08:24:23 UTC] PHP Warning:  include(): Failed opening 'include/header.php' for inclusion (include_path='.:/usr/share/php:/www/wp-content/pear') in /Users/daichi/Local Sites/shiborikonsei-e/app/public/about.php on line 11
[23-Apr-2025 08:24:24 UTC] PHP Warning:  include(include/header.php): Failed to open stream: No such file or directory in /Users/daichi/Local Sites/shiborikonsei-e/app/public/about.php on line 11
[23-Apr-2025 08:24:24 UTC] PHP Warning:  include(): Failed opening 'include/header.php' for inclusion (include_path='.:/usr/share/php:/www/wp-content/pear') in /Users/daichi/Local Sites/shiborikonsei-e/app/public/about.php on line 11
[23-Apr-2025 10:05:24 UTC] Cron reschedule event error for hook: wp_privacy_delete_old_export_files, Error code: could_not_set, Error message: The cron event list could not be saved., Data: {"schedule":"hourly","args":[],"interval":3600}
